--------------------------------------------------------------------------------
Release 14.7 Trace  (lin64)
Copyright (c) 1995-2013 Xilinx, Inc.  All rights reserved.

/opt/Xilinx/14.7/ISE_DS/ISE/bin/lin64/unwrapped/trce -intstyle ise -v 3 -s 3 -n
3 -fastpaths -xml blink.twx blink.ncd -o blink.twr blink.pcf -ucf first.ucf

Design file:              blink.ncd
Physical constraint file: blink.pcf
Device,package,speed:     xc6slx16,ftg256,C,-3 (PRODUCTION 1.23 2013-10-13)
Report level:             verbose report

Environment Variable      Effect 
--------------------      ------ 
NONE                      No environment variables were set
--------------------------------------------------------------------------------

INFO:Timing:2698 - No timing constraints found, doing default enumeration.
INFO:Timing:3412 - To improve timing, see the Timing Closure User Guide (UG612).
INFO:Timing:2752 - To get complete path coverage, use the unconstrained paths 
   option. All paths that are not constrained will be reported in the 
   unconstrained paths section(s) of the report.
INFO:Timing:3339 - The clock-to-out numbers in this timing report are based on 
   a 50 Ohm transmission line loading model.  For the details of this model, 
   and for more information on accounting for different loading conditions, 
   please see the device datasheet.



Data Sheet report:
-----------------
All values displayed in nanoseconds (ns)

Clock clk to Pad
------------+-----------------+------------+-----------------+------------+------------------+--------+
            |Max (slowest) clk|  Process   |Min (fastest) clk|  Process   |                  | Clock  |
Destination |  (edge) to PAD  |   Corner   |  (edge) to PAD  |   Corner   |Internal Clock(s) | Phase  |
------------+-----------------+------------+-----------------+------------+------------------+--------+
U8_41       |         8.600(R)|      SLOW  |         4.743(R)|      FAST  |clk_BUFGP         |   0.000|
U8_43       |         8.526(R)|      SLOW  |         4.666(R)|      FAST  |clk_BUFGP         |   0.000|
U8_45       |         8.198(R)|      SLOW  |         4.430(R)|      FAST  |clk_BUFGP         |   0.000|
U8_47       |         8.559(R)|      SLOW  |         4.735(R)|      FAST  |clk_BUFGP         |   0.000|
U8_49       |         9.058(R)|      SLOW  |         5.070(R)|      FAST  |clk_BUFGP         |   0.000|
U8_51       |         8.457(R)|      SLOW  |         4.603(R)|      FAST  |clk_BUFGP         |   0.000|
U8_53       |         8.294(R)|      SLOW  |         4.526(R)|      FAST  |clk_BUFGP         |   0.000|
U8_54       |         8.879(R)|      SLOW  |         4.924(R)|      FAST  |clk_BUFGP         |   0.000|
U8_57       |         8.834(R)|      SLOW  |         4.899(R)|      FAST  |clk_BUFGP         |   0.000|
U8_59       |         8.925(R)|      SLOW  |         4.961(R)|      FAST  |clk_BUFGP         |   0.000|
------------+-----------------+------------+-----------------+------------+------------------+--------+

Clock to Setup on destination clock clk
---------------+---------+---------+---------+---------+
               | Src:Rise| Src:Fall| Src:Rise| Src:Fall|
Source Clock   |Dest:Rise|Dest:Rise|Dest:Fall|Dest:Fall|
---------------+---------+---------+---------+---------+
clk            |    2.099|         |         |         |
---------------+---------+---------+---------+---------+


Analysis completed Mon Dec 30 17:28:25 2019 
--------------------------------------------------------------------------------

Trace Settings:
-------------------------
Trace Settings 

Peak Memory Usage: 376 MB



